Analysis & Synthesis report for 4_4bit_Register_File
Mon Dec 03 22:53:26 2018
Quartus Prime Version 18.0.0 Build 614 04/24/2018 SJ Standard Edition


---------------------
; Table of Contents ;
---------------------
  1. Legal Notice
  2. Analysis & Synthesis Summary
  3. Analysis & Synthesis Settings
  4. Parallel Compilation
  5. Analysis & Synthesis Source Files Read
  6. Analysis & Synthesis Resource Usage Summary
  7. Analysis & Synthesis Resource Utilization by Entity
  8. General Register Statistics
  9. Multiplexer Restructuring Statistics (Restructuring Performed)
 10. Parameter Settings for User Entity Instance: 4bit_Register:Register3|1bit_Register:inst3|BUSMUX:inst1
 11. Parameter Settings for User Entity Instance: 4bit_Register:Register3|1bit_Register:inst2|BUSMUX:inst1
 12. Parameter Settings for User Entity Instance: 4bit_Register:Register3|1bit_Register:inst1|BUSMUX:inst1
 13. Parameter Settings for User Entity Instance: 4bit_Register:Register3|1bit_Register:inst|BUSMUX:inst1
 14. Parameter Settings for User Entity Instance: 4bit_Register:Register2|1bit_Register:inst3|BUSMUX:inst1
 15. Parameter Settings for User Entity Instance: 4bit_Register:Register2|1bit_Register:inst2|BUSMUX:inst1
 16. Parameter Settings for User Entity Instance: 4bit_Register:Register2|1bit_Register:inst1|BUSMUX:inst1
 17. Parameter Settings for User Entity Instance: 4bit_Register:Register2|1bit_Register:inst|BUSMUX:inst1
 18. Parameter Settings for User Entity Instance: 4bit_Register:Register1|1bit_Register:inst3|BUSMUX:inst1
 19. Parameter Settings for User Entity Instance: 4bit_Register:Register1|1bit_Register:inst2|BUSMUX:inst1
 20. Parameter Settings for User Entity Instance: 4bit_Register:Register1|1bit_Register:inst1|BUSMUX:inst1
 21. Parameter Settings for User Entity Instance: 4bit_Register:Register1|1bit_Register:inst|BUSMUX:inst1
 22. Parameter Settings for User Entity Instance: 4bit_Register:Register0|1bit_Register:inst3|BUSMUX:inst1
 23. Parameter Settings for User Entity Instance: 4bit_Register:Register0|1bit_Register:inst2|BUSMUX:inst1
 24. Parameter Settings for User Entity Instance: 4bit_Register:Register0|1bit_Register:inst1|BUSMUX:inst1
 25. Parameter Settings for User Entity Instance: 4bit_Register:Register0|1bit_Register:inst|BUSMUX:inst1
 26. Post-Synthesis Netlist Statistics for Top Partition
 27. Elapsed Time Per Partition
 28. Analysis & Synthesis Messages



----------------
; Legal Notice ;
----------------
Copyright (C) 2018  Intel Corporation. All rights reserved.
Your use of Intel Corporation's design tools, logic functions 
and other software and tools, and its AMPP partner logic 
functions, and any output files from any of the foregoing 
(including device programming or simulation files), and any 
associated documentation or information are expressly subject 
to the terms and conditions of the Intel Program License 
Subscription Agreement, the Intel Quartus Prime License Agreement,
the Intel FPGA IP License Agreement, or other applicable license
agreement, including, without limitation, that your use is for
the sole purpose of programming logic devices manufactured by
Intel and sold by Intel or its authorized distributors.  Please
refer to the applicable agreement for further details.



+--------------------------------------------------------------------------------------+
; Analysis & Synthesis Summary                                                         ;
+------------------------------------+-------------------------------------------------+
; Analysis & Synthesis Status        ; Successful - Mon Dec 03 22:53:26 2018           ;
; Quartus Prime Version              ; 18.0.0 Build 614 04/24/2018 SJ Standard Edition ;
; Revision Name                      ; 4_4bit_Register_File                            ;
; Top-level Entity Name              ; 4_4bit_Register_File                            ;
; Family                             ; Cyclone IV E                                    ;
; Total logic elements               ; 30                                              ;
;     Total combinational functions  ; 14                                              ;
;     Dedicated logic registers      ; 16                                              ;
; Total registers                    ; 16                                              ;
; Total pins                         ; 15                                              ;
; Total virtual pins                 ; 0                                               ;
; Total memory bits                  ; 0                                               ;
; Embedded Multiplier 9-bit elements ; 0                                               ;
; Total PLLs                         ; 0                                               ;
+------------------------------------+-------------------------------------------------+


+----------------------------------------------------------------------------------------------------------------+
; Analysis & Synthesis Settings                                                                                  ;
+------------------------------------------------------------------+----------------------+----------------------+
; Option                                                           ; Setting              ; Default Value        ;
+------------------------------------------------------------------+----------------------+----------------------+
; Device                                                           ; EP4CE115F29C7        ;                      ;
; Top-level entity name                                            ; 4_4bit_Register_File ; 4_4bit_Register_File ;
; Family name                                                      ; Cyclone IV E         ; Cyclone V            ;
; Use smart compilation                                            ; Off                  ; Off                  ;
; Enable parallel Assembler and Timing Analyzer during compilation ; On                   ; On                   ;
; Enable compact report table                                      ; Off                  ; Off                  ;
; Restructure Multiplexers                                         ; Auto                 ; Auto                 ;
; Create Debugging Nodes for IP Cores                              ; Off                  ; Off                  ;
; Preserve fewer node names                                        ; On                   ; On                   ;
; Intel FPGA IP Evaluation Mode                                    ; Enable               ; Enable               ;
; Verilog Version                                                  ; Verilog_2001         ; Verilog_2001         ;
; VHDL Version                                                     ; VHDL_1993            ; VHDL_1993            ;
; State Machine Processing                                         ; Auto                 ; Auto                 ;
; Safe State Machine                                               ; Off                  ; Off                  ;
; Extract Verilog State Machines                                   ; On                   ; On                   ;
; Extract VHDL State Machines                                      ; On                   ; On                   ;
; Ignore Verilog initial constructs                                ; Off                  ; Off                  ;
; Iteration limit for constant Verilog loops                       ; 5000                 ; 5000                 ;
; Iteration limit for non-constant Verilog loops                   ; 250                  ; 250                  ;
; Add Pass-Through Logic to Inferred RAMs                          ; On                   ; On                   ;
; Infer RAMs from Raw Logic                                        ; On                   ; On                   ;
; Parallel Synthesis                                               ; On                   ; On                   ;
; DSP Block Balancing                                              ; Auto                 ; Auto                 ;
; NOT Gate Push-Back                                               ; On                   ; On                   ;
; Power-Up Don't Care                                              ; On                   ; On                   ;
; Remove Redundant Logic Cells                                     ; Off                  ; Off                  ;
; Remove Duplicate Registers                                       ; On                   ; On                   ;
; Ignore CARRY Buffers                                             ; Off                  ; Off                  ;
; Ignore CASCADE Buffers                                           ; Off                  ; Off                  ;
; Ignore GLOBAL Buffers                                            ; Off                  ; Off                  ;
; Ignore ROW GLOBAL Buffers                                        ; Off                  ; Off                  ;
; Ignore LCELL Buffers                                             ; Off                  ; Off                  ;
; Ignore SOFT Buffers                                              ; On                   ; On                   ;
; Limit AHDL Integers to 32 Bits                                   ; Off                  ; Off                  ;
; Optimization Technique                                           ; Balanced             ; Balanced             ;
; Carry Chain Length                                               ; 70                   ; 70                   ;
; Auto Carry Chains                                                ; On                   ; On                   ;
; Auto Open-Drain Pins                                             ; On                   ; On                   ;
; Perform WYSIWYG Primitive Resynthesis                            ; Off                  ; Off                  ;
; Auto ROM Replacement                                             ; On                   ; On                   ;
; Auto RAM Replacement                                             ; On                   ; On                   ;
; Auto DSP Block Replacement                                       ; On                   ; On                   ;
; Auto Shift Register Replacement                                  ; Auto                 ; Auto                 ;
; Allow Shift Register Merging across Hierarchies                  ; Auto                 ; Auto                 ;
; Auto Clock Enable Replacement                                    ; On                   ; On                   ;
; Strict RAM Replacement                                           ; Off                  ; Off                  ;
; Allow Synchronous Control Signals                                ; On                   ; On                   ;
; Force Use of Synchronous Clear Signals                           ; Off                  ; Off                  ;
; Auto RAM Block Balancing                                         ; On                   ; On                   ;
; Auto RAM to Logic Cell Conversion                                ; Off                  ; Off                  ;
; Auto Resource Sharing                                            ; Off                  ; Off                  ;
; Allow Any RAM Size For Recognition                               ; Off                  ; Off                  ;
; Allow Any ROM Size For Recognition                               ; Off                  ; Off                  ;
; Allow Any Shift Register Size For Recognition                    ; Off                  ; Off                  ;
; Use LogicLock Constraints during Resource Balancing              ; On                   ; On                   ;
; Ignore translate_off and synthesis_off directives                ; Off                  ; Off                  ;
; Timing-Driven Synthesis                                          ; On                   ; On                   ;
; Report Parameter Settings                                        ; On                   ; On                   ;
; Report Source Assignments                                        ; On                   ; On                   ;
; Report Connectivity Checks                                       ; On                   ; On                   ;
; Ignore Maximum Fan-Out Assignments                               ; Off                  ; Off                  ;
; Synchronization Register Chain Length                            ; 2                    ; 2                    ;
; Power Optimization During Synthesis                              ; Normal compilation   ; Normal compilation   ;
; HDL message level                                                ; Level2               ; Level2               ;
; Suppress Register Optimization Related Messages                  ; Off                  ; Off                  ;
; Number of Removed Registers Reported in Synthesis Report         ; 5000                 ; 5000                 ;
; Number of Swept Nodes Reported in Synthesis Report               ; 5000                 ; 5000                 ;
; Number of Inverted Registers Reported in Synthesis Report        ; 100                  ; 100                  ;
; Clock MUX Protection                                             ; On                   ; On                   ;
; Auto Gated Clock Conversion                                      ; Off                  ; Off                  ;
; Block Design Naming                                              ; Auto                 ; Auto                 ;
; SDC constraint protection                                        ; Off                  ; Off                  ;
; Synthesis Effort                                                 ; Auto                 ; Auto                 ;
; Shift Register Replacement - Allow Asynchronous Clear Signal     ; On                   ; On                   ;
; Pre-Mapping Resynthesis Optimization                             ; Off                  ; Off                  ;
; Analysis & Synthesis Message Level                               ; Medium               ; Medium               ;
; Disable Register Merging Across Hierarchies                      ; Auto                 ; Auto                 ;
; Resource Aware Inference For Block RAM                           ; On                   ; On                   ;
+------------------------------------------------------------------+----------------------+----------------------+


+------------------------------------------+
; Parallel Compilation                     ;
+----------------------------+-------------+
; Processors                 ; Number      ;
+----------------------------+-------------+
; Number detected on machine ; 8           ;
; Maximum allowed            ; 4           ;
;                            ;             ;
; Average used               ; 1.00        ;
; Maximum used               ; 1           ;
;                            ;             ;
; Usage by Processor         ; % Time Used ;
;     Processor 1            ; 100.0%      ;
+----------------------------+-------------+


+-------------------------------------------------------------------------------------------------------------------------------------------------------------------------------------+
; Analysis & Synthesis Source Files Read                                                                                                                                              ;
+----------------------------------+-----------------+------------------------------------+---------------------------------------------------------------------------------+---------+
; File Name with User-Entered Path ; Used in Netlist ; File Type                          ; File Name with Absolute Path                                                    ; Library ;
+----------------------------------+-----------------+------------------------------------+---------------------------------------------------------------------------------+---------+
; 4_4bit_Register_File.bdf         ; yes             ; User Block Diagram/Schematic File  ; U:/Classes/CPRE281/finalProj/4_4-bit_Register_File/4_4bit_Register_File.bdf     ;         ;
; 1bit_Register.bdf                ; yes             ; User Block Diagram/Schematic File  ; U:/Classes/CPRE281/finalProj/4_4-bit_Register_File/1bit_Register.bdf            ;         ;
; 4bit_Register.bdf                ; yes             ; User Block Diagram/Schematic File  ; U:/Classes/CPRE281/finalProj/4_4-bit_Register_File/4bit_Register.bdf            ;         ;
; Mux_4to1.v                       ; yes             ; User Verilog HDL File              ; U:/Classes/CPRE281/finalProj/4_4-bit_Register_File/Mux_4to1.v                   ;         ;
; Decoder_2to4.v                   ; yes             ; User Verilog HDL File              ; U:/Classes/CPRE281/finalProj/4_4-bit_Register_File/Decoder_2to4.v               ;         ;
; priority_encoder_4to2_4brl.v     ; yes             ; Auto-Found Verilog HDL File        ; U:/Classes/CPRE281/finalProj/4_4-bit_Register_File/priority_encoder_4to2_4brl.v ;         ;
; busmux.tdf                       ; yes             ; Megafunction                       ; c:/altera/intelfpga/18.0/quartus/libraries/megafunctions/busmux.tdf             ;         ;
; lpm_mux.inc                      ; yes             ; Megafunction                       ; c:/altera/intelfpga/18.0/quartus/libraries/megafunctions/lpm_mux.inc            ;         ;
; lpm_mux.tdf                      ; yes             ; Megafunction                       ; c:/altera/intelfpga/18.0/quartus/libraries/megafunctions/lpm_mux.tdf            ;         ;
; aglobal180.inc                   ; yes             ; Megafunction                       ; c:/altera/intelfpga/18.0/quartus/libraries/megafunctions/aglobal180.inc         ;         ;
; muxlut.inc                       ; yes             ; Megafunction                       ; c:/altera/intelfpga/18.0/quartus/libraries/megafunctions/muxlut.inc             ;         ;
; bypassff.inc                     ; yes             ; Megafunction                       ; c:/altera/intelfpga/18.0/quartus/libraries/megafunctions/bypassff.inc           ;         ;
; altshift.inc                     ; yes             ; Megafunction                       ; c:/altera/intelfpga/18.0/quartus/libraries/megafunctions/altshift.inc           ;         ;
; db/mux_7rc.tdf                   ; yes             ; Auto-Generated Megafunction        ; U:/Classes/CPRE281/finalProj/4_4-bit_Register_File/db/mux_7rc.tdf               ;         ;
+----------------------------------+-----------------+------------------------------------+---------------------------------------------------------------------------------+---------+


+-----------------------------------------------------------+
; Analysis & Synthesis Resource Usage Summary               ;
+---------------------------------------------+-------------+
; Resource                                    ; Usage       ;
+---------------------------------------------+-------------+
; Estimated Total logic elements              ; 30          ;
;                                             ;             ;
; Total combinational functions               ; 14          ;
; Logic element usage by number of LUT inputs ;             ;
;     -- 4 input functions                    ; 10          ;
;     -- 3 input functions                    ; 2           ;
;     -- <=2 input functions                  ; 2           ;
;                                             ;             ;
; Logic elements by mode                      ;             ;
;     -- normal mode                          ; 14          ;
;     -- arithmetic mode                      ; 0           ;
;                                             ;             ;
; Total registers                             ; 16          ;
;     -- Dedicated logic registers            ; 16          ;
;     -- I/O registers                        ; 0           ;
;                                             ;             ;
; I/O pins                                    ; 15          ;
;                                             ;             ;
; Embedded Multiplier 9-bit elements          ; 0           ;
;                                             ;             ;
; Maximum fan-out node                        ; Clock~input ;
; Maximum fan-out                             ; 16          ;
; Total fan-out                               ; 133         ;
; Average fan-out                             ; 2.22        ;
+---------------------------------------------+-------------+


+----------------------------------------------------------------------------------------------------------------------------------------------------------------------------------------------------------------------------------------------------------------------------------+
; Analysis & Synthesis Resource Utilization by Entity                                                                                                                                                                                                                              ;
+---------------------------------------+---------------------+---------------------------+-------------+--------------+---------+-----------+------+--------------+-------------------------------------------------------------------+----------------------------+--------------+
; Compilation Hierarchy Node            ; Combinational ALUTs ; Dedicated Logic Registers ; Memory Bits ; DSP Elements ; DSP 9x9 ; DSP 18x18 ; Pins ; Virtual Pins ; Full Hierarchy Name                                               ; Entity Name                ; Library Name ;
+---------------------------------------+---------------------+---------------------------+-------------+--------------+---------+-----------+------+--------------+-------------------------------------------------------------------+----------------------------+--------------+
; |4_4bit_Register_File                 ; 14 (0)              ; 16 (0)                    ; 0           ; 0            ; 0       ; 0         ; 15   ; 0            ; |4_4bit_Register_File                                             ; 4_4bit_Register_File       ; work         ;
;    |4bit_Register:Register0|          ; 0 (0)               ; 4 (0)                     ; 0           ; 0            ; 0       ; 0         ; 0    ; 0            ; |4_4bit_Register_File|4bit_Register:Register0                     ; 4bit_Register              ; work         ;
;       |1bit_Register:inst1|           ; 0 (0)               ; 1 (1)                     ; 0           ; 0            ; 0       ; 0         ; 0    ; 0            ; |4_4bit_Register_File|4bit_Register:Register0|1bit_Register:inst1 ; 1bit_Register              ; work         ;
;       |1bit_Register:inst2|           ; 0 (0)               ; 1 (1)                     ; 0           ; 0            ; 0       ; 0         ; 0    ; 0            ; |4_4bit_Register_File|4bit_Register:Register0|1bit_Register:inst2 ; 1bit_Register              ; work         ;
;       |1bit_Register:inst3|           ; 0 (0)               ; 1 (1)                     ; 0           ; 0            ; 0       ; 0         ; 0    ; 0            ; |4_4bit_Register_File|4bit_Register:Register0|1bit_Register:inst3 ; 1bit_Register              ; work         ;
;       |1bit_Register:inst|            ; 0 (0)               ; 1 (1)                     ; 0           ; 0            ; 0       ; 0         ; 0    ; 0            ; |4_4bit_Register_File|4bit_Register:Register0|1bit_Register:inst  ; 1bit_Register              ; work         ;
;    |4bit_Register:Register1|          ; 0 (0)               ; 4 (0)                     ; 0           ; 0            ; 0       ; 0         ; 0    ; 0            ; |4_4bit_Register_File|4bit_Register:Register1                     ; 4bit_Register              ; work         ;
;       |1bit_Register:inst1|           ; 0 (0)               ; 1 (1)                     ; 0           ; 0            ; 0       ; 0         ; 0    ; 0            ; |4_4bit_Register_File|4bit_Register:Register1|1bit_Register:inst1 ; 1bit_Register              ; work         ;
;       |1bit_Register:inst2|           ; 0 (0)               ; 1 (1)                     ; 0           ; 0            ; 0       ; 0         ; 0    ; 0            ; |4_4bit_Register_File|4bit_Register:Register1|1bit_Register:inst2 ; 1bit_Register              ; work         ;
;       |1bit_Register:inst3|           ; 0 (0)               ; 1 (1)                     ; 0           ; 0            ; 0       ; 0         ; 0    ; 0            ; |4_4bit_Register_File|4bit_Register:Register1|1bit_Register:inst3 ; 1bit_Register              ; work         ;
;       |1bit_Register:inst|            ; 0 (0)               ; 1 (1)                     ; 0           ; 0            ; 0       ; 0         ; 0    ; 0            ; |4_4bit_Register_File|4bit_Register:Register1|1bit_Register:inst  ; 1bit_Register              ; work         ;
;    |4bit_Register:Register2|          ; 0 (0)               ; 4 (0)                     ; 0           ; 0            ; 0       ; 0         ; 0    ; 0            ; |4_4bit_Register_File|4bit_Register:Register2                     ; 4bit_Register              ; work         ;
;       |1bit_Register:inst1|           ; 0 (0)               ; 1 (1)                     ; 0           ; 0            ; 0       ; 0         ; 0    ; 0            ; |4_4bit_Register_File|4bit_Register:Register2|1bit_Register:inst1 ; 1bit_Register              ; work         ;
;       |1bit_Register:inst2|           ; 0 (0)               ; 1 (1)                     ; 0           ; 0            ; 0       ; 0         ; 0    ; 0            ; |4_4bit_Register_File|4bit_Register:Register2|1bit_Register:inst2 ; 1bit_Register              ; work         ;
;       |1bit_Register:inst3|           ; 0 (0)               ; 1 (1)                     ; 0           ; 0            ; 0       ; 0         ; 0    ; 0            ; |4_4bit_Register_File|4bit_Register:Register2|1bit_Register:inst3 ; 1bit_Register              ; work         ;
;       |1bit_Register:inst|            ; 0 (0)               ; 1 (1)                     ; 0           ; 0            ; 0       ; 0         ; 0    ; 0            ; |4_4bit_Register_File|4bit_Register:Register2|1bit_Register:inst  ; 1bit_Register              ; work         ;
;    |4bit_Register:Register3|          ; 0 (0)               ; 4 (0)                     ; 0           ; 0            ; 0       ; 0         ; 0    ; 0            ; |4_4bit_Register_File|4bit_Register:Register3                     ; 4bit_Register              ; work         ;
;       |1bit_Register:inst1|           ; 0 (0)               ; 1 (1)                     ; 0           ; 0            ; 0       ; 0         ; 0    ; 0            ; |4_4bit_Register_File|4bit_Register:Register3|1bit_Register:inst1 ; 1bit_Register              ; work         ;
;       |1bit_Register:inst2|           ; 0 (0)               ; 1 (1)                     ; 0           ; 0            ; 0       ; 0         ; 0    ; 0            ; |4_4bit_Register_File|4bit_Register:Register3|1bit_Register:inst2 ; 1bit_Register              ; work         ;
;       |1bit_Register:inst3|           ; 0 (0)               ; 1 (1)                     ; 0           ; 0            ; 0       ; 0         ; 0    ; 0            ; |4_4bit_Register_File|4bit_Register:Register3|1bit_Register:inst3 ; 1bit_Register              ; work         ;
;       |1bit_Register:inst|            ; 0 (0)               ; 1 (1)                     ; 0           ; 0            ; 0       ; 0         ; 0    ; 0            ; |4_4bit_Register_File|4bit_Register:Register3|1bit_Register:inst  ; 1bit_Register              ; work         ;
;    |Decoder_2to4:inst|                ; 4 (4)               ; 0 (0)                     ; 0           ; 0            ; 0       ; 0         ; 0    ; 0            ; |4_4bit_Register_File|Decoder_2to4:inst                           ; Decoder_2to4               ; work         ;
;    |Mux_4to1:inst1|                   ; 8 (8)               ; 0 (0)                     ; 0           ; 0            ; 0       ; 0         ; 0    ; 0            ; |4_4bit_Register_File|Mux_4to1:inst1                              ; Mux_4to1                   ; work         ;
;    |Priority_Encoder_4to2_4bRL:inst2| ; 2 (2)               ; 0 (0)                     ; 0           ; 0            ; 0       ; 0         ; 0    ; 0            ; |4_4bit_Register_File|Priority_Encoder_4to2_4bRL:inst2            ; Priority_Encoder_4to2_4bRL ; work         ;
+---------------------------------------+---------------------+---------------------------+-------------+--------------+---------+-----------+------+--------------+-------------------------------------------------------------------+----------------------------+--------------+
Note: For table entries with two numbers listed, the numbers in parentheses indicate the number of resources of the given type used by the specific entity alone. The numbers listed outside of parentheses indicate the total resources of the given type used by the specific entity and all of its sub-entities in the hierarchy.


+------------------------------------------------------+
; General Register Statistics                          ;
+----------------------------------------------+-------+
; Statistic                                    ; Value ;
+----------------------------------------------+-------+
; Total registers                              ; 16    ;
; Number of registers using Synchronous Clear  ; 0     ;
; Number of registers using Synchronous Load   ; 0     ;
; Number of registers using Asynchronous Clear ; 16    ;
; Number of registers using Asynchronous Load  ; 0     ;
; Number of registers using Clock Enable       ; 16    ;
; Number of registers using Preset             ; 0     ;
+----------------------------------------------+-------+


+---------------------------------------------------------------------------------------------------------------------------------------------------------+
; Multiplexer Restructuring Statistics (Restructuring Performed)                                                                                          ;
+--------------------+-----------+---------------+----------------------+------------------------+------------+-------------------------------------------+
; Multiplexer Inputs ; Bus Width ; Baseline Area ; Area if Restructured ; Saving if Restructured ; Registered ; Example Multiplexer Output                ;
+--------------------+-----------+---------------+----------------------+------------------------+------------+-------------------------------------------+
; 4:1                ; 4 bits    ; 8 LEs         ; 8 LEs                ; 0 LEs                  ; No         ; |4_4bit_Register_File|Mux_4to1:inst1|Mux0 ;
+--------------------+-----------+---------------+----------------------+------------------------+------------+-------------------------------------------+


+-------------------------------------------------------------------------------------------------------+
; Parameter Settings for User Entity Instance: 4bit_Register:Register3|1bit_Register:inst3|BUSMUX:inst1 ;
+----------------+-------+------------------------------------------------------------------------------+
; Parameter Name ; Value ; Type                                                                         ;
+----------------+-------+------------------------------------------------------------------------------+
; WIDTH          ; 1     ; Untyped                                                                      ;
+----------------+-------+------------------------------------------------------------------------------+
Note: In order to hide this table in the UI and the text report file, please set the "Show Parameter Settings in Synthesis Report" option in "Analysis and Synthesis Settings -> More Settings" to "Off".


+-------------------------------------------------------------------------------------------------------+
; Parameter Settings for User Entity Instance: 4bit_Register:Register3|1bit_Register:inst2|BUSMUX:inst1 ;
+----------------+-------+------------------------------------------------------------------------------+
; Parameter Name ; Value ; Type                                                                         ;
+----------------+-------+------------------------------------------------------------------------------+
; WIDTH          ; 1     ; Untyped                                                                      ;
+----------------+-------+------------------------------------------------------------------------------+
Note: In order to hide this table in the UI and the text report file, please set the "Show Parameter Settings in Synthesis Report" option in "Analysis and Synthesis Settings -> More Settings" to "Off".


+-------------------------------------------------------------------------------------------------------+
; Parameter Settings for User Entity Instance: 4bit_Register:Register3|1bit_Register:inst1|BUSMUX:inst1 ;
+----------------+-------+------------------------------------------------------------------------------+
; Parameter Name ; Value ; Type                                                                         ;
+----------------+-------+------------------------------------------------------------------------------+
; WIDTH          ; 1     ; Untyped                                                                      ;
+----------------+-------+------------------------------------------------------------------------------+
Note: In order to hide this table in the UI and the text report file, please set the "Show Parameter Settings in Synthesis Report" option in "Analysis and Synthesis Settings -> More Settings" to "Off".


+------------------------------------------------------------------------------------------------------+
; Parameter Settings for User Entity Instance: 4bit_Register:Register3|1bit_Register:inst|BUSMUX:inst1 ;
+----------------+-------+-----------------------------------------------------------------------------+
; Parameter Name ; Value ; Type                                                                        ;
+----------------+-------+-----------------------------------------------------------------------------+
; WIDTH          ; 1     ; Untyped                                                                     ;
+----------------+-------+-----------------------------------------------------------------------------+
Note: In order to hide this table in the UI and the text report file, please set the "Show Parameter Settings in Synthesis Report" option in "Analysis and Synthesis Settings -> More Settings" to "Off".


+-------------------------------------------------------------------------------------------------------+
; Parameter Settings for User Entity Instance: 4bit_Register:Register2|1bit_Register:inst3|BUSMUX:inst1 ;
+----------------+-------+------------------------------------------------------------------------------+
; Parameter Name ; Value ; Type                                                                         ;
+----------------+-------+------------------------------------------------------------------------------+
; WIDTH          ; 1     ; Untyped                                                                      ;
+----------------+-------+------------------------------------------------------------------------------+
Note: In order to hide this table in the UI and the text report file, please set the "Show Parameter Settings in Synthesis Report" option in "Analysis and Synthesis Settings -> More Settings" to "Off".


+-------------------------------------------------------------------------------------------------------+
; Parameter Settings for User Entity Instance: 4bit_Register:Register2|1bit_Register:inst2|BUSMUX:inst1 ;
+----------------+-------+------------------------------------------------------------------------------+
; Parameter Name ; Value ; Type                                                                         ;
+----------------+-------+------------------------------------------------------------------------------+
; WIDTH          ; 1     ; Untyped                                                                      ;
+----------------+-------+------------------------------------------------------------------------------+
Note: In order to hide this table in the UI and the text report file, please set the "Show Parameter Settings in Synthesis Report" option in "Analysis and Synthesis Settings -> More Settings" to "Off".


+-------------------------------------------------------------------------------------------------------+
; Parameter Settings for User Entity Instance: 4bit_Register:Register2|1bit_Register:inst1|BUSMUX:inst1 ;
+----------------+-------+------------------------------------------------------------------------------+
; Parameter Name ; Value ; Type                                                                         ;
+----------------+-------+------------------------------------------------------------------------------+
; WIDTH          ; 1     ; Untyped                                                                      ;
+----------------+-------+------------------------------------------------------------------------------+
Note: In order to hide this table in the UI and the text report file, please set the "Show Parameter Settings in Synthesis Report" option in "Analysis and Synthesis Settings -> More Settings" to "Off".


+------------------------------------------------------------------------------------------------------+
; Parameter Settings for User Entity Instance: 4bit_Register:Register2|1bit_Register:inst|BUSMUX:inst1 ;
+----------------+-------+-----------------------------------------------------------------------------+
; Parameter Name ; Value ; Type                                                                        ;
+----------------+-------+-----------------------------------------------------------------------------+
; WIDTH          ; 1     ; Untyped                                                                     ;
+----------------+-------+-----------------------------------------------------------------------------+
Note: In order to hide this table in the UI and the text report file, please set the "Show Parameter Settings in Synthesis Report" option in "Analysis and Synthesis Settings -> More Settings" to "Off".


+-------------------------------------------------------------------------------------------------------+
; Parameter Settings for User Entity Instance: 4bit_Register:Register1|1bit_Register:inst3|BUSMUX:inst1 ;
+----------------+-------+------------------------------------------------------------------------------+
; Parameter Name ; Value ; Type                                                                         ;
+----------------+-------+------------------------------------------------------------------------------+
; WIDTH          ; 1     ; Untyped                                                                      ;
+----------------+-------+------------------------------------------------------------------------------+
Note: In order to hide this table in the UI and the text report file, please set the "Show Parameter Settings in Synthesis Report" option in "Analysis and Synthesis Settings -> More Settings" to "Off".


+-------------------------------------------------------------------------------------------------------+
; Parameter Settings for User Entity Instance: 4bit_Register:Register1|1bit_Register:inst2|BUSMUX:inst1 ;
+----------------+-------+------------------------------------------------------------------------------+
; Parameter Name ; Value ; Type                                                                         ;
+----------------+-------+------------------------------------------------------------------------------+
; WIDTH          ; 1     ; Untyped                                                                      ;
+----------------+-------+------------------------------------------------------------------------------+
Note: In order to hide this table in the UI and the text report file, please set the "Show Parameter Settings in Synthesis Report" option in "Analysis and Synthesis Settings -> More Settings" to "Off".


+-------------------------------------------------------------------------------------------------------+
; Parameter Settings for User Entity Instance: 4bit_Register:Register1|1bit_Register:inst1|BUSMUX:inst1 ;
+----------------+-------+------------------------------------------------------------------------------+
; Parameter Name ; Value ; Type                                                                         ;
+----------------+-------+------------------------------------------------------------------------------+
; WIDTH          ; 1     ; Untyped                                                                      ;
+----------------+-------+------------------------------------------------------------------------------+
Note: In order to hide this table in the UI and the text report file, please set the "Show Parameter Settings in Synthesis Report" option in "Analysis and Synthesis Settings -> More Settings" to "Off".


+------------------------------------------------------------------------------------------------------+
; Parameter Settings for User Entity Instance: 4bit_Register:Register1|1bit_Register:inst|BUSMUX:inst1 ;
+----------------+-------+-----------------------------------------------------------------------------+
; Parameter Name ; Value ; Type                                                                        ;
+----------------+-------+-----------------------------------------------------------------------------+
; WIDTH          ; 1     ; Untyped                                                                     ;
+----------------+-------+-----------------------------------------------------------------------------+
Note: In order to hide this table in the UI and the text report file, please set the "Show Parameter Settings in Synthesis Report" option in "Analysis and Synthesis Settings -> More Settings" to "Off".


+-------------------------------------------------------------------------------------------------------+
; Parameter Settings for User Entity Instance: 4bit_Register:Register0|1bit_Register:inst3|BUSMUX:inst1 ;
+----------------+-------+------------------------------------------------------------------------------+
; Parameter Name ; Value ; Type                                                                         ;
+----------------+-------+------------------------------------------------------------------------------+
; WIDTH          ; 1     ; Untyped                                                                      ;
+----------------+-------+------------------------------------------------------------------------------+
Note: In order to hide this table in the UI and the text report file, please set the "Show Parameter Settings in Synthesis Report" option in "Analysis and Synthesis Settings -> More Settings" to "Off".


+-------------------------------------------------------------------------------------------------------+
; Parameter Settings for User Entity Instance: 4bit_Register:Register0|1bit_Register:inst2|BUSMUX:inst1 ;
+----------------+-------+------------------------------------------------------------------------------+
; Parameter Name ; Value ; Type                                                                         ;
+----------------+-------+------------------------------------------------------------------------------+
; WIDTH          ; 1     ; Untyped                                                                      ;
+----------------+-------+------------------------------------------------------------------------------+
Note: In order to hide this table in the UI and the text report file, please set the "Show Parameter Settings in Synthesis Report" option in "Analysis and Synthesis Settings -> More Settings" to "Off".


+-------------------------------------------------------------------------------------------------------+
; Parameter Settings for User Entity Instance: 4bit_Register:Register0|1bit_Register:inst1|BUSMUX:inst1 ;
+----------------+-------+------------------------------------------------------------------------------+
; Parameter Name ; Value ; Type                                                                         ;
+----------------+-------+------------------------------------------------------------------------------+
; WIDTH          ; 1     ; Untyped                                                                      ;
+----------------+-------+------------------------------------------------------------------------------+
Note: In order to hide this table in the UI and the text report file, please set the "Show Parameter Settings in Synthesis Report" option in "Analysis and Synthesis Settings -> More Settings" to "Off".


+------------------------------------------------------------------------------------------------------+
; Parameter Settings for User Entity Instance: 4bit_Register:Register0|1bit_Register:inst|BUSMUX:inst1 ;
+----------------+-------+-----------------------------------------------------------------------------+
; Parameter Name ; Value ; Type                                                                        ;
+----------------+-------+-----------------------------------------------------------------------------+
; WIDTH          ; 1     ; Untyped                                                                     ;
+----------------+-------+-----------------------------------------------------------------------------+
Note: In order to hide this table in the UI and the text report file, please set the "Show Parameter Settings in Synthesis Report" option in "Analysis and Synthesis Settings -> More Settings" to "Off".


+-----------------------------------------------------+
; Post-Synthesis Netlist Statistics for Top Partition ;
+-----------------------+-----------------------------+
; Type                  ; Count                       ;
+-----------------------+-----------------------------+
; boundary_port         ; 15                          ;
; cycloneiii_ff         ; 16                          ;
;     ENA CLR           ; 16                          ;
; cycloneiii_lcell_comb ; 14                          ;
;     normal            ; 14                          ;
;         2 data inputs ; 2                           ;
;         3 data inputs ; 2                           ;
;         4 data inputs ; 10                          ;
;                       ;                             ;
; Max LUT depth         ; 3.00                        ;
; Average LUT depth     ; 1.70                        ;
+-----------------------+-----------------------------+


+-------------------------------+
; Elapsed Time Per Partition    ;
+----------------+--------------+
; Partition Name ; Elapsed Time ;
+----------------+--------------+
; Top            ; 00:00:00     ;
+----------------+--------------+


+-------------------------------+
; Analysis & Synthesis Messages ;
+-------------------------------+
Info: *******************************************************************
Info: Running Quartus Prime Analysis & Synthesis
    Info: Version 18.0.0 Build 614 04/24/2018 SJ Standard Edition
    Info: Processing started: Mon Dec 03 22:53:11 2018
Info: Command: quartus_map --read_settings_files=on --write_settings_files=off 4_4bit_Register_File -c 4_4bit_Register_File
Warning (18236): Number of processors has not been specified which may cause overloading on shared machines.  Set the global assignment NUM_PARALLEL_PROCESSORS in your QSF to an appropriate value for best performance.
Info (20030): Parallel compilation is enabled and will use 4 of the 4 processors detected
Info (12021): Found 1 design units, including 1 entities, in source file 4_4bit_register_file.bdf
    Info (12023): Found entity 1: 4_4bit_Register_File
Info (12021): Found 1 design units, including 1 entities, in source file 1bit_register.bdf
    Info (12023): Found entity 1: 1bit_Register
Info (12021): Found 1 design units, including 1 entities, in source file 4bit_register.bdf
    Info (12023): Found entity 1: 4bit_Register
Warning (12019): Can't analyze file -- file Decoder_4to1.v is missing
Warning (12019): Can't analyze file -- file Verilog2.v is missing
Warning (12019): Can't analyze file -- file Mux4to1.v is missing
Info (12021): Found 1 design units, including 1 entities, in source file mux_4to1.v
    Info (12023): Found entity 1: Mux_4to1 File: U:/Classes/CPRE281/finalProj/4_4-bit_Register_File/Mux_4to1.v Line: 1
Warning (12019): Can't analyze file -- file Decider_2to4.v is missing
Info (12021): Found 1 design units, including 1 entities, in source file decoder_2to4.v
    Info (12023): Found entity 1: Decoder_2to4 File: U:/Classes/CPRE281/finalProj/4_4-bit_Register_File/Decoder_2to4.v Line: 1
Info (12127): Elaborating entity "4_4bit_Register_File" for the top level hierarchy
Info (12128): Elaborating entity "Mux_4to1" for hierarchy "Mux_4to1:inst1"
Warning (12125): Using design file priority_encoder_4to2_4brl.v, which is not specified as a design file for the current project, but contains definitions for 1 design units and 1 entities in project
    Info (12023): Found entity 1: Priority_Encoder_4to2_4bRL File: U:/Classes/CPRE281/finalProj/4_4-bit_Register_File/priority_encoder_4to2_4brl.v Line: 1
Info (12128): Elaborating entity "Priority_Encoder_4to2_4bRL" for hierarchy "Priority_Encoder_4to2_4bRL:inst2"
Info (12128): Elaborating entity "4bit_Register" for hierarchy "4bit_Register:Register3"
Info (12128): Elaborating entity "1bit_Register" for hierarchy "4bit_Register:Register3|1bit_Register:inst3"
Info (12128): Elaborating entity "BUSMUX" for hierarchy "4bit_Register:Register3|1bit_Register:inst3|BUSMUX:inst1"
Info (12130): Elaborated megafunction instantiation "4bit_Register:Register3|1bit_Register:inst3|BUSMUX:inst1"
Info (12133): Instantiated megafunction "4bit_Register:Register3|1bit_Register:inst3|BUSMUX:inst1" with the following parameter:
    Info (12134): Parameter "WIDTH" = "1"
Info (12128): Elaborating entity "lpm_mux" for hierarchy "4bit_Register:Register3|1bit_Register:inst3|BUSMUX:inst1|lpm_mux:$00000" File: c:/altera/intelfpga/18.0/quartus/libraries/megafunctions/busmux.tdf Line: 43
Info (12131): Elaborated megafunction instantiation "4bit_Register:Register3|1bit_Register:inst3|BUSMUX:inst1|lpm_mux:$00000", which is child of megafunction instantiation "4bit_Register:Register3|1bit_Register:inst3|BUSMUX:inst1" File: c:/altera/intelfpga/18.0/quartus/libraries/megafunctions/busmux.tdf Line: 43
Info (12021): Found 1 design units, including 1 entities, in source file db/mux_7rc.tdf
    Info (12023): Found entity 1: mux_7rc File: U:/Classes/CPRE281/finalProj/4_4-bit_Register_File/db/mux_7rc.tdf Line: 22
Info (12128): Elaborating entity "mux_7rc" for hierarchy "4bit_Register:Register3|1bit_Register:inst3|BUSMUX:inst1|lpm_mux:$00000|mux_7rc:auto_generated" File: c:/altera/intelfpga/18.0/quartus/libraries/megafunctions/lpm_mux.tdf Line: 86
Info (12128): Elaborating entity "Decoder_2to4" for hierarchy "Decoder_2to4:inst"
Info (286030): Timing-Driven Synthesis is running
Info (16010): Generating hard_block partition "hard_block:auto_generated_inst"
    Info (16011): Adding 0 node(s), including 0 DDIO, 0 PLL, 0 transceiver and 0 LCELL
Warning (21074): Design contains 1 input pin(s) that do not drive logic
    Warning (15610): No output dependent on input pin "Register_Select[0]"
Info (21057): Implemented 45 device resources after synthesis - the final resource count might be different
    Info (21058): Implemented 11 input pins
    Info (21059): Implemented 4 output pins
    Info (21061): Implemented 30 logic cells
Info: Quartus Prime Analysis & Synthesis was successful. 0 errors, 8 warnings
    Info: Peak virtual memory: 653 megabytes
    Info: Processing ended: Mon Dec 03 22:53:27 2018
    Info: Elapsed time: 00:00:16
    Info: Total CPU time (on all processors): 00:00:25


