Analysis & Synthesis report for TCLF
Wed Dec 05 00:25:39 2018
Quartus Prime Version 18.0.0 Build 614 04/24/2018 SJ Standard Edition


---------------------
; Table of Contents ;
---------------------
  1. Legal Notice
  2. Analysis & Synthesis Summary
  3. Analysis & Synthesis Settings
  4. Parallel Compilation
  5. Analysis & Synthesis Source Files Read
  6. Analysis & Synthesis Resource Usage Summary
  7. Analysis & Synthesis Resource Utilization by Entity
  8. Registers Removed During Synthesis
  9. General Register Statistics
 10. Post-Synthesis Netlist Statistics for Top Partition
 11. Elapsed Time Per Partition
 12. Analysis & Synthesis Messages



----------------
; Legal Notice ;
----------------
Copyright (C) 2018  Intel Corporation. All rights reserved.
Your use of Intel Corporation's design tools, logic functions 
and other software and tools, and its AMPP partner logic 
functions, and any output files from any of the foregoing 
(including device programming or simulation files), and any 
associated documentation or information are expressly subject 
to the terms and conditions of the Intel Program License 
Subscription Agreement, the Intel Quartus Prime License Agreement,
the Intel FPGA IP License Agreement, or other applicable license
agreement, including, without limitation, that your use is for
the sole purpose of programming logic devices manufactured by
Intel and sold by Intel or its authorized distributors.  Please
refer to the applicable agreement for further details.



+--------------------------------------------------------------------------------------+
; Analysis & Synthesis Summary                                                         ;
+------------------------------------+-------------------------------------------------+
; Analysis & Synthesis Status        ; Successful - Wed Dec 05 00:25:38 2018           ;
; Quartus Prime Version              ; 18.0.0 Build 614 04/24/2018 SJ Standard Edition ;
; Revision Name                      ; TCLF                                            ;
; Top-level Entity Name              ; TLCF                                            ;
; Family                             ; Cyclone IV E                                    ;
; Total logic elements               ; 14                                              ;
;     Total combinational functions  ; 14                                              ;
;     Dedicated logic registers      ; 6                                               ;
; Total registers                    ; 6                                               ;
; Total pins                         ; 27                                              ;
; Total virtual pins                 ; 0                                               ;
; Total memory bits                  ; 0                                               ;
; Embedded Multiplier 9-bit elements ; 0                                               ;
; Total PLLs                         ; 0                                               ;
+------------------------------------+-------------------------------------------------+


+------------------------------------------------------------------------------------------------------------+
; Analysis & Synthesis Settings                                                                              ;
+------------------------------------------------------------------+--------------------+--------------------+
; Option                                                           ; Setting            ; Default Value      ;
+------------------------------------------------------------------+--------------------+--------------------+
; Device                                                           ; EP4CE115F29C7      ;                    ;
; Top-level entity name                                            ; TLCF               ; TCLF               ;
; Family name                                                      ; Cyclone IV E       ; Cyclone V          ;
; Use smart compilation                                            ; Off                ; Off                ;
; Enable parallel Assembler and Timing Analyzer during compilation ; On                 ; On                 ;
; Enable compact report table                                      ; Off                ; Off                ;
; Restructure Multiplexers                                         ; Auto               ; Auto               ;
; Create Debugging Nodes for IP Cores                              ; Off                ; Off                ;
; Preserve fewer node names                                        ; On                 ; On                 ;
; Intel FPGA IP Evaluation Mode                                    ; Enable             ; Enable             ;
; Verilog Version                                                  ; Verilog_2001       ; Verilog_2001       ;
; VHDL Version                                                     ; VHDL_1993          ; VHDL_1993          ;
; State Machine Processing                                         ; Auto               ; Auto               ;
; Safe State Machine                                               ; Off                ; Off                ;
; Extract Verilog State Machines                                   ; On                 ; On                 ;
; Extract VHDL State Machines                                      ; On                 ; On                 ;
; Ignore Verilog initial constructs                                ; Off                ; Off                ;
; Iteration limit for constant Verilog loops                       ; 5000               ; 5000               ;
; Iteration limit for non-constant Verilog loops                   ; 250                ; 250                ;
; Add Pass-Through Logic to Inferred RAMs                          ; On                 ; On                 ;
; Infer RAMs from Raw Logic                                        ; On                 ; On                 ;
; Parallel Synthesis                                               ; On                 ; On                 ;
; DSP Block Balancing                                              ; Auto               ; Auto               ;
; NOT Gate Push-Back                                               ; On                 ; On                 ;
; Power-Up Don't Care                                              ; On                 ; On                 ;
; Remove Redundant Logic Cells                                     ; Off                ; Off                ;
; Remove Duplicate Registers                                       ; On                 ; On                 ;
; Ignore CARRY Buffers                                             ; Off                ; Off                ;
; Ignore CASCADE Buffers                                           ; Off                ; Off                ;
; Ignore GLOBAL Buffers                                            ; Off                ; Off                ;
; Ignore ROW GLOBAL Buffers                                        ; Off                ; Off                ;
; Ignore LCELL Buffers                                             ; Off                ; Off                ;
; Ignore SOFT Buffers                                              ; On                 ; On                 ;
; Limit AHDL Integers to 32 Bits                                   ; Off                ; Off                ;
; Optimization Technique                                           ; Balanced           ; Balanced           ;
; Carry Chain Length                                               ; 70                 ; 70                 ;
; Auto Carry Chains                                                ; On                 ; On                 ;
; Auto Open-Drain Pins                                             ; On                 ; On                 ;
; Perform WYSIWYG Primitive Resynthesis                            ; Off                ; Off                ;
; Auto ROM Replacement                                             ; On                 ; On                 ;
; Auto RAM Replacement                                             ; On                 ; On                 ;
; Auto DSP Block Replacement                                       ; On                 ; On                 ;
; Auto Shift Register Replacement                                  ; Auto               ; Auto               ;
; Allow Shift Register Merging across Hierarchies                  ; Auto               ; Auto               ;
; Auto Clock Enable Replacement                                    ; On                 ; On                 ;
; Strict RAM Replacement                                           ; Off                ; Off                ;
; Allow Synchronous Control Signals                                ; On                 ; On                 ;
; Force Use of Synchronous Clear Signals                           ; Off                ; Off                ;
; Auto RAM Block Balancing                                         ; On                 ; On                 ;
; Auto RAM to Logic Cell Conversion                                ; Off                ; Off                ;
; Auto Resource Sharing                                            ; Off                ; Off                ;
; Allow Any RAM Size For Recognition                               ; Off                ; Off                ;
; Allow Any ROM Size For Recognition                               ; Off                ; Off                ;
; Allow Any Shift Register Size For Recognition                    ; Off                ; Off                ;
; Use LogicLock Constraints during Resource Balancing              ; On                 ; On                 ;
; Ignore translate_off and synthesis_off directives                ; Off                ; Off                ;
; Timing-Driven Synthesis                                          ; On                 ; On                 ;
; Report Parameter Settings                                        ; On                 ; On                 ;
; Report Source Assignments                                        ; On                 ; On                 ;
; Report Connectivity Checks                                       ; On                 ; On                 ;
; Ignore Maximum Fan-Out Assignments                               ; Off                ; Off                ;
; Synchronization Register Chain Length                            ; 2                  ; 2                  ;
; Power Optimization During Synthesis                              ; Normal compilation ; Normal compilation ;
; HDL message level                                                ; Level2             ; Level2             ;
; Suppress Register Optimization Related Messages                  ; Off                ; Off                ;
; Number of Removed Registers Reported in Synthesis Report         ; 5000               ; 5000               ;
; Number of Swept Nodes Reported in Synthesis Report               ; 5000               ; 5000               ;
; Number of Inverted Registers Reported in Synthesis Report        ; 100                ; 100                ;
; Clock MUX Protection                                             ; On                 ; On                 ;
; Auto Gated Clock Conversion                                      ; Off                ; Off                ;
; Block Design Naming                                              ; Auto               ; Auto               ;
; SDC constraint protection                                        ; Off                ; Off                ;
; Synthesis Effort                                                 ; Auto               ; Auto               ;
; Shift Register Replacement - Allow Asynchronous Clear Signal     ; On                 ; On                 ;
; Pre-Mapping Resynthesis Optimization                             ; Off                ; Off                ;
; Analysis & Synthesis Message Level                               ; Medium             ; Medium             ;
; Disable Register Merging Across Hierarchies                      ; Auto               ; Auto               ;
; Resource Aware Inference For Block RAM                           ; On                 ; On                 ;
+------------------------------------------------------------------+--------------------+--------------------+


+------------------------------------------+
; Parallel Compilation                     ;
+----------------------------+-------------+
; Processors                 ; Number      ;
+----------------------------+-------------+
; Number detected on machine ; 8           ;
; Maximum allowed            ; 4           ;
;                            ;             ;
; Average used               ; 1.00        ;
; Maximum used               ; 4           ;
;                            ;             ;
; Usage by Processor         ; % Time Used ;
;     Processor 1            ; 100.0%      ;
;     Processors 2-4         ;   0.0%      ;
+----------------------------+-------------+


+-------------------------------------------------------------------------------------------------------------------------------------------------------------------------------------------------+
; Analysis & Synthesis Source Files Read                                                                                                                                                          ;
+----------------------------------+-----------------+------------------------------------------+---------------------------------------------------------------------------------------+---------+
; File Name with User-Entered Path ; Used in Netlist ; File Type                                ; File Name with Absolute Path                                                          ; Library ;
+----------------------------------+-----------------+------------------------------------------+---------------------------------------------------------------------------------------+---------+
; decoder_2to4_TCLF.v              ; yes             ; User Verilog HDL File                    ; U:/Classes/CPRE281/finalProj/Traffic_Light_Counter_File/decoder_2to4_TCLF.v           ;         ;
; TLCF.bdf                         ; yes             ; User Block Diagram/Schematic File        ; U:/Classes/CPRE281/finalProj/Traffic_Light_Counter_File/TLCF.bdf                      ;         ;
; Priority_Encoder_4to2_TLCF.v     ; yes             ; User Verilog HDL File                    ; U:/Classes/CPRE281/finalProj/Traffic_Light_Counter_File/Priority_Encoder_4to2_TLCF.v  ;         ;
; Counter_Control0_Maker_TLCF.v    ; yes             ; User Verilog HDL File                    ; U:/Classes/CPRE281/finalProj/Traffic_Light_Counter_File/Counter_Control0_Maker_TLCF.v ;         ;
; Counter_Control1_Maker_TLCF.v    ; yes             ; User Verilog HDL File                    ; U:/Classes/CPRE281/finalProj/Traffic_Light_Counter_File/Counter_Control1_Maker_TLCF.v ;         ;
; Counter_Control3_Maker_TLCF.v    ; yes             ; User Verilog HDL File                    ; U:/Classes/CPRE281/finalProj/Traffic_Light_Counter_File/Counter_Control3_Maker_TLCF.v ;         ;
; Counter_Control2_Maker_TLCF.v    ; yes             ; User Verilog HDL File                    ; U:/Classes/CPRE281/finalProj/Traffic_Light_Counter_File/Counter_Control2_Maker_TLCF.v ;         ;
; tlc_mk3.bdf                      ; yes             ; Auto-Found Block Diagram/Schematic File  ; U:/Classes/CPRE281/finalProj/Traffic_Light_Counter_File/tlc_mk3.bdf                   ;         ;
; output_logic_tlc_mk3.v           ; yes             ; Auto-Found Verilog HDL File              ; U:/Classes/CPRE281/finalProj/Traffic_Light_Counter_File/output_logic_tlc_mk3.v        ;         ;
; capacity_check_tcl_mk3.v         ; yes             ; Auto-Found Verilog HDL File              ; U:/Classes/CPRE281/finalProj/Traffic_Light_Counter_File/capacity_check_tcl_mk3.v      ;         ;
; input_logic_tlc_mk3.v            ; yes             ; Auto-Found Verilog HDL File              ; U:/Classes/CPRE281/finalProj/Traffic_Light_Counter_File/input_logic_tlc_mk3.v         ;         ;
+----------------------------------+-----------------+------------------------------------------+---------------------------------------------------------------------------------------+---------+


+-----------------------------------------------------------+
; Analysis & Synthesis Resource Usage Summary               ;
+---------------------------------------------+-------------+
; Resource                                    ; Usage       ;
+---------------------------------------------+-------------+
; Estimated Total logic elements              ; 14          ;
;                                             ;             ;
; Total combinational functions               ; 14          ;
; Logic element usage by number of LUT inputs ;             ;
;     -- 4 input functions                    ; 12          ;
;     -- 3 input functions                    ; 1           ;
;     -- <=2 input functions                  ; 1           ;
;                                             ;             ;
; Logic elements by mode                      ;             ;
;     -- normal mode                          ; 14          ;
;     -- arithmetic mode                      ; 0           ;
;                                             ;             ;
; Total registers                             ; 6           ;
;     -- Dedicated logic registers            ; 6           ;
;     -- I/O registers                        ; 0           ;
;                                             ;             ;
; I/O pins                                    ; 27          ;
;                                             ;             ;
; Embedded Multiplier 9-bit elements          ; 0           ;
;                                             ;             ;
; Maximum fan-out node                        ; Clock~input ;
; Maximum fan-out                             ; 6           ;
; Total fan-out                               ; 102         ;
; Average fan-out                             ; 1.38        ;
+---------------------------------------------+-------------+


+------------------------------------------------------------------------------------------------------------------------------------------------------------------------------------------------------------------------------------------------------------+
; Analysis & Synthesis Resource Utilization by Entity                                                                                                                                                                                                        ;
+--------------------------------------+---------------------+---------------------------+-------------+--------------+---------+-----------+------+--------------+--------------------------------------------------+------------------------+--------------+
; Compilation Hierarchy Node           ; Combinational ALUTs ; Dedicated Logic Registers ; Memory Bits ; DSP Elements ; DSP 9x9 ; DSP 18x18 ; Pins ; Virtual Pins ; Full Hierarchy Name                              ; Entity Name            ; Library Name ;
+--------------------------------------+---------------------+---------------------------+-------------+--------------+---------+-----------+------+--------------+--------------------------------------------------+------------------------+--------------+
; |TLCF                                ; 14 (0)              ; 6 (0)                     ; 0           ; 0            ; 0       ; 0         ; 27   ; 0            ; |TLCF                                            ; TLCF                   ; work         ;
;    |TLC_Mk3:inst1|                   ; 2 (1)               ; 1 (1)                     ; 0           ; 0            ; 0       ; 0         ; 0    ; 0            ; |TLCF|TLC_Mk3:inst1                              ; TLC_Mk3                ; work         ;
;       |Input_Logic_TLC_Mk3:inst1|    ; 1 (1)               ; 0 (0)                     ; 0           ; 0            ; 0       ; 0         ; 0    ; 0            ; |TLCF|TLC_Mk3:inst1|Input_Logic_TLC_Mk3:inst1    ; Input_Logic_TLC_Mk3    ; work         ;
;    |TLC_Mk3:inst2|                   ; 2 (2)               ; 1 (1)                     ; 0           ; 0            ; 0       ; 0         ; 0    ; 0            ; |TLCF|TLC_Mk3:inst2                              ; TLC_Mk3                ; work         ;
;    |TLC_Mk3:inst3|                   ; 4 (0)               ; 2 (2)                     ; 0           ; 0            ; 0       ; 0         ; 0    ; 0            ; |TLCF|TLC_Mk3:inst3                              ; TLC_Mk3                ; work         ;
;       |Capacity_Check_TCL_Mk3:inst5| ; 2 (2)               ; 0 (0)                     ; 0           ; 0            ; 0       ; 0         ; 0    ; 0            ; |TLCF|TLC_Mk3:inst3|Capacity_Check_TCL_Mk3:inst5 ; Capacity_Check_TCL_Mk3 ; work         ;
;       |Input_Logic_TLC_Mk3:inst1|    ; 2 (2)               ; 0 (0)                     ; 0           ; 0            ; 0       ; 0         ; 0    ; 0            ; |TLCF|TLC_Mk3:inst3|Input_Logic_TLC_Mk3:inst1    ; Input_Logic_TLC_Mk3    ; work         ;
;    |TLC_Mk3:inst|                    ; 4 (0)               ; 2 (2)                     ; 0           ; 0            ; 0       ; 0         ; 0    ; 0            ; |TLCF|TLC_Mk3:inst                               ; TLC_Mk3                ; work         ;
;       |Capacity_Check_TCL_Mk3:inst5| ; 2 (2)               ; 0 (0)                     ; 0           ; 0            ; 0       ; 0         ; 0    ; 0            ; |TLCF|TLC_Mk3:inst|Capacity_Check_TCL_Mk3:inst5  ; Capacity_Check_TCL_Mk3 ; work         ;
;       |Input_Logic_TLC_Mk3:inst1|    ; 2 (2)               ; 0 (0)                     ; 0           ; 0            ; 0       ; 0         ; 0    ; 0            ; |TLCF|TLC_Mk3:inst|Input_Logic_TLC_Mk3:inst1     ; Input_Logic_TLC_Mk3    ; work         ;
;    |decoder_2to4_TCLF:inst4|         ; 2 (2)               ; 0 (0)                     ; 0           ; 0            ; 0       ; 0         ; 0    ; 0            ; |TLCF|decoder_2to4_TCLF:inst4                    ; decoder_2to4_TCLF      ; work         ;
+--------------------------------------+---------------------+---------------------------+-------------+--------------+---------+-----------+------+--------------+--------------------------------------------------+------------------------+--------------+
Note: For table entries with two numbers listed, the numbers in parentheses indicate the number of resources of the given type used by the specific entity alone. The numbers listed outside of parentheses indicate the total resources of the given type used by the specific entity and all of its sub-entities in the hierarchy.


+--------------------------------------------------------------------------------+
; Registers Removed During Synthesis                                             ;
+---------------------------------------+----------------------------------------+
; Register name                         ; Reason for Removal                     ;
+---------------------------------------+----------------------------------------+
; TLC_Mk3:inst2|DFF0                    ; Stuck at GND due to stuck port data_in ;
; TLC_Mk3:inst2|DFF1                    ; Stuck at GND due to stuck port data_in ;
; TLC_Mk3:inst1|DFF0                    ; Stuck at GND due to stuck port data_in ;
; TLC_Mk3:inst1|DFF1                    ; Stuck at GND due to stuck port data_in ;
; TLC_Mk3:inst|DFF0                     ; Stuck at GND due to stuck port data_in ;
; TLC_Mk3:inst3|DFF0                    ; Stuck at GND due to stuck port data_in ;
; Total Number of Removed Registers = 6 ;                                        ;
+---------------------------------------+----------------------------------------+


+------------------------------------------------------+
; General Register Statistics                          ;
+----------------------------------------------+-------+
; Statistic                                    ; Value ;
+----------------------------------------------+-------+
; Total registers                              ; 6     ;
; Number of registers using Synchronous Clear  ; 0     ;
; Number of registers using Synchronous Load   ; 0     ;
; Number of registers using Asynchronous Clear ; 0     ;
; Number of registers using Asynchronous Load  ; 0     ;
; Number of registers using Clock Enable       ; 4     ;
; Number of registers using Preset             ; 0     ;
+----------------------------------------------+-------+


+-----------------------------------------------------+
; Post-Synthesis Netlist Statistics for Top Partition ;
+-----------------------+-----------------------------+
; Type                  ; Count                       ;
+-----------------------+-----------------------------+
; boundary_port         ; 27                          ;
; cycloneiii_ff         ; 6                           ;
;     ENA               ; 4                           ;
;     plain             ; 2                           ;
; cycloneiii_lcell_comb ; 15                          ;
;     normal            ; 15                          ;
;         0 data inputs ; 1                           ;
;         2 data inputs ; 1                           ;
;         3 data inputs ; 1                           ;
;         4 data inputs ; 12                          ;
;                       ;                             ;
; Max LUT depth         ; 2.00                        ;
; Average LUT depth     ; 1.71                        ;
+-----------------------+-----------------------------+


+-------------------------------+
; Elapsed Time Per Partition    ;
+----------------+--------------+
; Partition Name ; Elapsed Time ;
+----------------+--------------+
; Top            ; 00:00:01     ;
+----------------+--------------+


+-------------------------------+
; Analysis & Synthesis Messages ;
+-------------------------------+
Info: *******************************************************************
Info: Running Quartus Prime Analysis & Synthesis
    Info: Version 18.0.0 Build 614 04/24/2018 SJ Standard Edition
    Info: Processing started: Wed Dec 05 00:25:21 2018
Info: Command: quartus_map --read_settings_files=on --write_settings_files=off TCLF -c TCLF
Warning (18236): Number of processors has not been specified which may cause overloading on shared machines.  Set the global assignment NUM_PARALLEL_PROCESSORS in your QSF to an appropriate value for best performance.
Info (20030): Parallel compilation is enabled and will use 4 of the 4 processors detected
Warning (12019): Can't analyze file -- file TCLF.v is missing
Info (12021): Found 1 design units, including 1 entities, in source file decoder_2to4_tclf.v
    Info (12023): Found entity 1: decoder_2to4_TCLF File: U:/Classes/CPRE281/finalProj/Traffic_Light_Counter_File/decoder_2to4_TCLF.v Line: 1
Warning (12019): Can't analyze file -- file TCLF.bdf is missing
Info (12021): Found 1 design units, including 1 entities, in source file tlcf.bdf
    Info (12023): Found entity 1: TLCF
Info (12021): Found 1 design units, including 1 entities, in source file priority_encoder_4to2_tlcf.v
    Info (12023): Found entity 1: Priority_Encoder_4to2_TLCF File: U:/Classes/CPRE281/finalProj/Traffic_Light_Counter_File/Priority_Encoder_4to2_TLCF.v Line: 1
Info (12021): Found 1 design units, including 1 entities, in source file counter_control0_maker_tlcf.v
    Info (12023): Found entity 1: Counter_Control0_Maker_TLCF File: U:/Classes/CPRE281/finalProj/Traffic_Light_Counter_File/Counter_Control0_Maker_TLCF.v Line: 1
Info (12021): Found 1 design units, including 1 entities, in source file counter_control1_maker_tlcf.v
    Info (12023): Found entity 1: Counter_Control1_Maker_TLCF File: U:/Classes/CPRE281/finalProj/Traffic_Light_Counter_File/Counter_Control1_Maker_TLCF.v Line: 1
Info (12021): Found 1 design units, including 1 entities, in source file counter_control3_maker_tlcf.v
    Info (12023): Found entity 1: Counter_Control3_Maker_TLCF File: U:/Classes/CPRE281/finalProj/Traffic_Light_Counter_File/Counter_Control3_Maker_TLCF.v Line: 1
Info (12021): Found 1 design units, including 1 entities, in source file counter_control2_maker_tlcf.v
    Info (12023): Found entity 1: Counter_Control2_Maker_TLCF File: U:/Classes/CPRE281/finalProj/Traffic_Light_Counter_File/Counter_Control2_Maker_TLCF.v Line: 1
Info (12127): Elaborating entity "TLCF" for the top level hierarchy
Warning (275011): Block or symbol "Priority_Encoder_4to2_TLCF" of instance "sadfgsa" overlaps another block or symbol
Warning (12125): Using design file tlc_mk3.bdf, which is not specified as a design file for the current project, but contains definitions for 1 design units and 1 entities in project
    Info (12023): Found entity 1: TLC_Mk3
Info (12128): Elaborating entity "TLC_Mk3" for hierarchy "TLC_Mk3:inst2"
Warning (275008): Primitive "DFF" of instance "DFF2" not used
Warning (12125): Using design file output_logic_tlc_mk3.v, which is not specified as a design file for the current project, but contains definitions for 1 design units and 1 entities in project
    Info (12023): Found entity 1: Output_Logic_TLC_Mk3 File: U:/Classes/CPRE281/finalProj/Traffic_Light_Counter_File/output_logic_tlc_mk3.v Line: 1
Info (12128): Elaborating entity "Output_Logic_TLC_Mk3" for hierarchy "TLC_Mk3:inst2|Output_Logic_TLC_Mk3:inst"
Warning (12125): Using design file capacity_check_tcl_mk3.v, which is not specified as a design file for the current project, but contains definitions for 1 design units and 1 entities in project
    Info (12023): Found entity 1: Capacity_Check_TCL_Mk3 File: U:/Classes/CPRE281/finalProj/Traffic_Light_Counter_File/capacity_check_tcl_mk3.v Line: 1
Info (12128): Elaborating entity "Capacity_Check_TCL_Mk3" for hierarchy "TLC_Mk3:inst2|Capacity_Check_TCL_Mk3:inst5"
Warning (12125): Using design file input_logic_tlc_mk3.v, which is not specified as a design file for the current project, but contains definitions for 1 design units and 1 entities in project
    Info (12023): Found entity 1: Input_Logic_TLC_Mk3 File: U:/Classes/CPRE281/finalProj/Traffic_Light_Counter_File/input_logic_tlc_mk3.v Line: 1
Info (12128): Elaborating entity "Input_Logic_TLC_Mk3" for hierarchy "TLC_Mk3:inst2|Input_Logic_TLC_Mk3:inst1"
Info (12128): Elaborating entity "decoder_2to4_TCLF" for hierarchy "decoder_2to4_TCLF:inst4"
Info (12128): Elaborating entity "Priority_Encoder_4to2_TLCF" for hierarchy "Priority_Encoder_4to2_TLCF:sadfgsa"
Info (12128): Elaborating entity "Counter_Control0_Maker_TLCF" for hierarchy "Counter_Control0_Maker_TLCF:inst5"
Info (12128): Elaborating entity "Counter_Control1_Maker_TLCF" for hierarchy "Counter_Control1_Maker_TLCF:inst6"
Info (12128): Elaborating entity "Counter_Control3_Maker_TLCF" for hierarchy "Counter_Control3_Maker_TLCF:inst8"
Info (12128): Elaborating entity "Counter_Control2_Maker_TLCF" for hierarchy "Counter_Control2_Maker_TLCF:inst7"
Warning (13024): Output pins are stuck at VCC or GND
    Warning (13410): Pin "Counter_0[3]" is stuck at GND
    Warning (13410): Pin "Counter_0[2]" is stuck at GND
    Warning (13410): Pin "Counter_0[1]" is stuck at GND
    Warning (13410): Pin "Counter_1[3]" is stuck at GND
    Warning (13410): Pin "Counter_1[2]" is stuck at GND
    Warning (13410): Pin "Counter_1[1]" is stuck at GND
    Warning (13410): Pin "Counter_2[3]" is stuck at GND
    Warning (13410): Pin "Counter_2[1]" is stuck at GND
    Warning (13410): Pin "Counter_3[3]" is stuck at GND
    Warning (13410): Pin "Counter_3[1]" is stuck at GND
Info (286030): Timing-Driven Synthesis is running
Info (16010): Generating hard_block partition "hard_block:auto_generated_inst"
    Info (16011): Adding 0 node(s), including 0 DDIO, 0 PLL, 0 transceiver and 0 LCELL
Warning (21074): Design contains 1 input pin(s) that do not drive logic
    Warning (15610): No output dependent on input pin "Counter_Select[0]"
Info (21057): Implemented 41 device resources after synthesis - the final resource count might be different
    Info (21058): Implemented 11 input pins
    Info (21059): Implemented 16 output pins
    Info (21061): Implemented 14 logic cells
Info: Quartus Prime Analysis & Synthesis was successful. 0 errors, 22 warnings
    Info: Peak virtual memory: 659 megabytes
    Info: Processing ended: Wed Dec 05 00:25:39 2018
    Info: Elapsed time: 00:00:18
    Info: Total CPU time (on all processors): 00:00:20


